<?xml version="1.0" encoding="UTF-8"?>
<!-- Generated by org.testng.reporters.JUnitReportReporter -->
<testsuite skipped="0" hostname="DEV_TEST_JOYDIP" name="NRDA_RTI.NRDA_RTILoginAsPIO" tests="1" failures="0" timestamp="13 Nov 2018 09:23:35 GMT" time="476.160" errors="0">
  <testcase name="NRDA_RTI_SC_09_TC_09" time="476.160" classname="NRDA_RTI.NRDA_RTILoginAsPIO"/>
</testsuite> <!-- NRDA_RTI.NRDA_RTILoginAsPIO -->
