<?xml version="1.0" encoding="UTF-8"?>
<!-- Generated by org.testng.reporters.JUnitReportReporter -->
<testsuite skipped="0" hostname="DEV_TEST_JOYDIP" name="NRDA_RTI.NRDA_RTILoginAsmanager" tests="14" failures="0" timestamp="03 Dec 2018 09:41:34 GMT" time="5910.478" errors="0">
  <testcase name="NRDA_RTI_SC_09_TC_01" time="21.281" classname="NRDA_RTI.NRDA_RTILoginAsmanager"/>
  <testcase name="NRDA_RTI_SC_09_TC_02" time="30.775" classname="NRDA_RTI.NRDA_RTILoginAsmanager"/>
  <testcase name="NRDA_RTI_SC_09_TC_07" time="30.682" classname="NRDA_RTI.NRDA_RTILoginAsmanager"/>
  <testcase name="NRDA_RTI_SC_09_TC_08" time="492.727" classname="NRDA_RTI.NRDA_RTILoginAsmanager"/>
  <testcase name="NRDA_RTI_SC_09_TC_11" time="502.582" classname="NRDA_RTI.NRDA_RTILoginAsmanager"/>
  <testcase name="NRDA_RTI_SC_09_TC_12" time="502.992" classname="NRDA_RTI.NRDA_RTILoginAsmanager"/>
  <testcase name="NRDA_RTI_SC_09_TC_14" time="521.194" classname="NRDA_RTI.NRDA_RTILoginAsmanager"/>
  <testcase name="NRDA_RTI_SC_09_TC_15" time="515.854" classname="NRDA_RTI.NRDA_RTILoginAsmanager"/>
  <testcase name="NRDA_RTI_SC_09_TC_16" time="524.487" classname="NRDA_RTI.NRDA_RTILoginAsmanager"/>
  <testcase name="NRDA_RTI_SC_09_TC_17" time="512.033" classname="NRDA_RTI.NRDA_RTILoginAsmanager"/>
  <testcase name="NRDA_RTI_SC_09_TC_18" time="548.930" classname="NRDA_RTI.NRDA_RTILoginAsmanager"/>
  <testcase name="NRDA_RTI_SC_09_TC_19" time="550.470" classname="NRDA_RTI.NRDA_RTILoginAsmanager"/>
  <testcase name="NRDA_RTI_SC_09_TC_20" time="633.200" classname="NRDA_RTI.NRDA_RTILoginAsmanager"/>
  <testcase name="NRDA_RTI_SC_09_TC_23" time="523.271" classname="NRDA_RTI.NRDA_RTILoginAsmanager"/>
</testsuite> <!-- NRDA_RTI.NRDA_RTILoginAsmanager -->
