<?xml version="1.0" encoding="UTF-8"?>
<!-- Generated by org.testng.reporters.JUnitReportReporter -->
<testsuite skipped="0" hostname="DEV_TEST_JOYDIP" name="NRDA_RTI.NRDA_RTILoginAsmanager_Verified" tests="2" failures="0" timestamp="26 Nov 2018 12:00:42 GMT" time="587.665" errors="0">
  <testcase name="NRDA_RTI_SC_15_TC_01" time="45.970" classname="NRDA_RTI.NRDA_RTILoginAsmanager_Verified"/>
  <testcase name="NRDA_RTI_SC_15_TC_03" time="541.695" classname="NRDA_RTI.NRDA_RTILoginAsmanager_Verified"/>
</testsuite> <!-- NRDA_RTI.NRDA_RTILoginAsmanager_Verified -->
