<?xml version="1.0" encoding="UTF-8"?>
<!-- Generated by org.testng.reporters.JUnitReportReporter -->
<testsuite skipped="0" hostname="DEV_TEST_JOYDIP" name="NRDA_RTI.NRDA_RTILoginAsEE" tests="12" failures="0" timestamp="03 Dec 2018 10:57:24 GMT" time="4259.738" errors="0">
  <testcase name="NRDA_RTI_SC_11_TC_01" time="192.375" classname="NRDA_RTI.NRDA_RTILoginAsEE"/>
  <testcase name="NRDA_RTI_SC_11_TC_02" time="40.918" classname="NRDA_RTI.NRDA_RTILoginAsEE"/>
  <testcase name="NRDA_RTI_SC_11_TC_03" time="404.252" classname="NRDA_RTI.NRDA_RTILoginAsEE"/>
  <testcase name="NRDA_RTI_SC_11_TC_06" time="380.540" classname="NRDA_RTI.NRDA_RTILoginAsEE"/>
  <testcase name="NRDA_RTI_SC_11_TC_07" time="383.183" classname="NRDA_RTI.NRDA_RTILoginAsEE"/>
  <testcase name="NRDA_RTI_SC_11_TC_08" time="393.043" classname="NRDA_RTI.NRDA_RTILoginAsEE"/>
  <testcase name="NRDA_RTI_SC_11_TC_09" time="395.939" classname="NRDA_RTI.NRDA_RTILoginAsEE"/>
  <testcase name="NRDA_RTI_SC_11_TC_12" time="406.754" classname="NRDA_RTI.NRDA_RTILoginAsEE"/>
  <testcase name="NRDA_RTI_SC_11_TC_13" time="407.547" classname="NRDA_RTI.NRDA_RTILoginAsEE"/>
  <testcase name="NRDA_RTI_SC_11_TC_15" time="421.713" classname="NRDA_RTI.NRDA_RTILoginAsEE"/>
  <testcase name="NRDA_RTI_SC_11_TC_16" time="407.265" classname="NRDA_RTI.NRDA_RTILoginAsEE"/>
  <testcase name="WithoutTC_NRDA_RTI_SC_09_TC_06" time="426.209" classname="NRDA_RTI.NRDA_RTILoginAsEE"/>
</testsuite> <!-- NRDA_RTI.NRDA_RTILoginAsEE -->
