<?xml version="1.0" encoding="UTF-8"?>
<!-- Generated by org.testng.reporters.JUnitReportReporter -->
<testsuite skipped="0" hostname="DEV_TEST_JOYDIP" name="NRDA_RTI.NRDA_RTICitizenWithout_BPL" tests="1" failures="0" timestamp="04 Dec 2018 04:53:05 GMT" time="27.502" errors="0">
  <testcase name="NRDA_RTI_SC_01_TC_01" time="27.502" classname="NRDA_RTI.NRDA_RTICitizenWithout_BPL"/>
</testsuite> <!-- NRDA_RTI.NRDA_RTICitizenWithout_BPL -->
