<?xml version="1.0" encoding="UTF-8"?>
<!-- Generated by org.testng.reporters.JUnitReportReporter -->
<testsuite skipped="0" hostname="DEV_TEST_JOYDIP" name="NRDA_RTI.NRDA_RTICitizenpayment" tests="5" failures="0" timestamp="26 Nov 2018 12:22:27 GMT" time="345.210" errors="0">
  <testcase name="NRDA_RTI_SC_14_TC_01" time="46.780" classname="NRDA_RTI.NRDA_RTICitizenpayment"/>
  <testcase name="NRDA_RTI_SC_14_TC_02" time="51.460" classname="NRDA_RTI.NRDA_RTICitizenpayment"/>
  <testcase name="NRDA_RTI_SC_14_TC_03" time="63.897" classname="NRDA_RTI.NRDA_RTICitizenpayment"/>
  <testcase name="NRDA_RTI_SC_14_TC_04" time="64.613" classname="NRDA_RTI.NRDA_RTICitizenpayment"/>
  <testcase name="NRDA_RTI_SC_14_TC_05" time="118.460" classname="NRDA_RTI.NRDA_RTICitizenpayment"/>
</testsuite> <!-- NRDA_RTI.NRDA_RTICitizenpayment -->
