<?xml version="1.0" encoding="UTF-8"?>
<!-- Generated by org.testng.reporters.JUnitReportReporter -->
<testsuite skipped="0" hostname="DEV_TEST_JOYDIP" name="NRDA_RTI.NRDA_RTILoginEEVerified" tests="3" failures="0" timestamp="26 Nov 2018 11:42:55 GMT" time="845.557" errors="0">
  <testcase name="NRDA_RTI_SC_13_TC_01" time="49.110" classname="NRDA_RTI.NRDA_RTILoginEEVerified"/>
  <testcase name="NRDA_RTI_SC_13_TC_03" time="400.870" classname="NRDA_RTI.NRDA_RTILoginEEVerified"/>
  <testcase name="NRDA_RTI_SC_13_TC_05" time="395.577" classname="NRDA_RTI.NRDA_RTILoginEEVerified"/>
</testsuite> <!-- NRDA_RTI.NRDA_RTILoginEEVerified -->
