<?xml version="1.0" encoding="UTF-8"?>
<!-- Generated by org.testng.reporters.JUnitReportReporter -->
<testsuite skipped="0" hostname="DEV_TEST_JOYDIP" name="NRDA_RTI.NRDA_RTILoginAsmanager_Release" tests="2" failures="0" timestamp="27 Nov 2018 04:19:42 GMT" time="558.455" errors="0">
  <testcase name="NRDA_RTI_SC_17_TC_01" time="47.152" classname="NRDA_RTI.NRDA_RTILoginAsmanager_Release"/>
  <testcase name="NRDA_RTI_SC_17_TC_05" time="511.303" classname="NRDA_RTI.NRDA_RTILoginAsmanager_Release"/>
</testsuite> <!-- NRDA_RTI.NRDA_RTILoginAsmanager_Release -->
