<?xml version="1.0" encoding="UTF-8"?>
<!-- Generated by org.testng.reporters.JUnitReportReporter -->
<testsuite skipped="3" hostname="DEV_TEST_JOYDIP" name="NRDA_RTI.NRDA_RTICitizenWithBPL" tests="15" failures="0" timestamp="27 Nov 2018 05:51:53 GMT" time="4816.174" errors="0">
  <testcase name="NRDA_RTI_SC_04_TC_01" time="157.860" classname="NRDA_RTI.NRDA_RTICitizenWithBPL"/>
  <testcase name="NRDA_RTI_SC_04_TC_02" time="365.766" classname="NRDA_RTI.NRDA_RTICitizenWithBPL"/>
  <testcase name="NRDA_RTI_SC_04_TC_04" time="371.099" classname="NRDA_RTI.NRDA_RTICitizenWithBPL"/>
  <testcase name="NRDA_RTI_SC_04_TC_06" time="345.122" classname="NRDA_RTI.NRDA_RTICitizenWithBPL"/>
  <testcase name="NRDA_RTI_SC_04_TC_05" time="359.262" classname="NRDA_RTI.NRDA_RTICitizenWithBPL"/>
  <testcase name="NRDA_RTI_SC_04_TC_07" time="94.936" classname="NRDA_RTI.NRDA_RTICitizenWithBPL"/>
  <testcase name="NRDA_RTI_SC_04_TC_11" time="97.739" classname="NRDA_RTI.NRDA_RTICitizenWithBPL"/>
  <testcase name="NRDA_RTI_SC_04_TC_12" time="89.753" classname="NRDA_RTI.NRDA_RTICitizenWithBPL"/>
  <testcase name="NRDA_RTI_SC_04_TC_13" time="304.306" classname="NRDA_RTI.NRDA_RTICitizenWithBPL"/>
  <testcase name="NRDA_RTI_SC_04_TC_14" time="473.682" classname="NRDA_RTI.NRDA_RTICitizenWithBPL">
    <skipped/>
  </testcase> <!-- NRDA_RTI_SC_04_TC_14 -->
  <testcase name="NRDA_RTI_SC_04_TC_14" time="478.242" classname="NRDA_RTI.NRDA_RTICitizenWithBPL">
    <skipped/>
  </testcase> <!-- NRDA_RTI_SC_04_TC_14 -->
  <testcase name="NRDA_RTI_SC_04_TC_14" time="354.946" classname="NRDA_RTI.NRDA_RTICitizenWithBPL"/>
  <testcase name="NRDA_RTI_SC_04_TC_15" time="520.329" classname="NRDA_RTI.NRDA_RTICitizenWithBPL">
    <skipped/>
  </testcase> <!-- NRDA_RTI_SC_04_TC_15 -->
  <testcase name="NRDA_RTI_SC_04_TC_15" time="389.552" classname="NRDA_RTI.NRDA_RTICitizenWithBPL"/>
  <testcase name="NRDA_RTI_SC_04_TC_16" time="413.580" classname="NRDA_RTI.NRDA_RTICitizenWithBPL"/>
</testsuite> <!-- NRDA_RTI.NRDA_RTICitizenWithBPL -->
